{"contracts/cloneFactory/CloneFactory.sol":{"l":{"31":4,"32":4,"33":4,"34":80,"36":4},"path":"/Users/gustavoguimaraes/DAPPS/starbase/starbase-platform-smart-contracts/contracts/cloneFactory/CloneFactory.sol","s":{"1":4,"2":4,"3":4,"4":80},"b":{},"f":{"1":4},"fnMap":{"1":{"name":"createClone","line":30,"loc":{"start":{"line":30,"column":2},"end":{"line":30,"column":72}}}},"statementMap":{"1":{"start":{"line":31,"column":4},"end":{"line":31,"column":155}},"2":{"start":{"line":32,"column":4},"end":{"line":32,"column":40}},"3":{"start":{"line":33,"column":4},"end":{"line":33,"column":1559}},"4":{"start":{"line":34,"column":6},"end":{"line":34,"column":35}}},"branchMap":{}},"contracts/cloneFactory/TokenSaleCloneFactory.sol":{"l":{"28":6,"29":6,"30":6,"38":2,"39":1,"52":2,"79":4,"80":4,"92":4,"102":4,"103":4,"105":4},"path":"/Users/gustavoguimaraes/DAPPS/starbase/starbase-platform-smart-contracts/contracts/cloneFactory/TokenSaleCloneFactory.sol","s":{"1":6,"2":6,"3":6,"4":2,"5":1,"6":2,"7":4,"8":4,"9":4,"10":4,"11":4},"b":{"1":[6,0],"2":[1,1]},"f":{"1":6,"2":2,"3":2,"4":4,"5":4},"fnMap":{"1":{"name":null,"line":27,"loc":{"start":{"line":27,"column":4},"end":{"line":27,"column":65}}},"2":{"name":"setLibraryAddress","line":37,"loc":{"start":{"line":37,"column":4},"end":{"line":37,"column":72}}},"3":{"name":"getInstantiationCount","line":47,"loc":{"start":{"line":47,"column":4},"end":{"line":51,"column":5}}},"4":{"name":"create","line":66,"loc":{"start":{"line":66,"column":4},"end":{"line":78,"column":5}}},"5":{"name":"register","line":99,"loc":{"start":{"line":99,"column":4},"end":{"line":101,"column":5}}}},"statementMap":{"1":{"start":{"line":28,"column":8},"end":{"line":28,"column":134}},"2":{"start":{"line":29,"column":8},"end":{"line":29,"column":39}},"3":{"start":{"line":30,"column":8},"end":{"line":30,"column":29}},"4":{"start":{"line":38,"column":8},"end":{"line":38,"column":91}},"5":{"start":{"line":39,"column":8},"end":{"line":39,"column":39}},"6":{"start":{"line":52,"column":8},"end":{"line":52,"column":45}},"7":{"start":{"line":79,"column":8},"end":{"line":79,"column":54}},"8":{"start":{"line":80,"column":8},"end":{"line":80,"column":36}},"9":{"start":{"line":92,"column":8},"end":{"line":92,"column":26}},"10":{"start":{"line":102,"column":8},"end":{"line":102,"column":44}},"11":{"start":{"line":105,"column":8},"end":{"line":105,"column":61}}},"branchMap":{"1":{"line":28,"type":"if","locations":[{"start":{"line":28,"column":8},"end":{"line":28,"column":8}},{"start":{"line":28,"column":8},"end":{"line":28,"column":8}}]},"2":{"line":38,"type":"if","locations":[{"start":{"line":38,"column":8},"end":{"line":38,"column":8}},{"start":{"line":38,"column":8},"end":{"line":38,"column":8}}]}}},"contracts/CompanyToken.sol":{"l":{"23":63,"24":63,"25":63,"27":63},"path":"/Users/gustavoguimaraes/DAPPS/starbase/starbase-platform-smart-contracts/contracts/CompanyToken.sol","s":{"1":63,"2":63,"3":63,"4":63},"b":{},"f":{"1":63},"fnMap":{"1":{"name":null,"line":22,"loc":{"start":{"line":22,"column":4},"end":{"line":22,"column":67}}}},"statementMap":{"1":{"start":{"line":23,"column":8},"end":{"line":23,"column":19}},"2":{"start":{"line":24,"column":8},"end":{"line":24,"column":23}},"3":{"start":{"line":25,"column":8},"end":{"line":25,"column":27}},"4":{"start":{"line":27,"column":8},"end":{"line":27,"column":14}}},"branchMap":{}},"contracts/LinkedListLib.sol":{"l":{"56":2,"57":1,"59":1,"70":219,"71":101,"72":28,"74":73,"77":118,"84":10,"85":10,"86":10,"87":10,"88":42,"89":42,"91":10,"100":21,"101":6,"103":15,"114":58,"115":0,"117":58,"132":0,"133":0,"134":0,"135":0,"136":0,"137":0,"138":0,"146":139,"147":139,"156":67,"157":67,"158":67,"159":67,"160":67,"162":0,"170":5,"171":5,"172":5,"173":5,"174":5,"182":3,"189":2,"190":2,"192":2,"194":2},"path":"/Users/gustavoguimaraes/DAPPS/starbase/starbase-platform-smart-contracts/contracts/LinkedListLib.sol","s":{"1":2,"2":1,"3":1,"4":219,"5":101,"6":28,"7":73,"8":118,"9":10,"10":10,"11":42,"12":10,"13":21,"14":6,"15":15,"16":58,"17":0,"18":58,"19":0,"20":0,"21":0,"22":0,"23":0,"24":0,"25":0,"26":139,"27":139,"28":67,"29":67,"30":67,"31":67,"32":67,"33":0,"34":5,"35":0,"36":5,"37":5,"38":3,"39":2,"40":2},"b":{"1":[1,1],"2":[101,118],"3":[28,73],"4":[6,15],"5":[0,58],"6":[0,0],"7":[0,0],"8":[67,0],"9":[0,5]},"f":{"1":2,"2":219,"3":10,"4":21,"5":58,"6":0,"7":139,"8":67,"9":5,"10":3,"11":2},"fnMap":{"1":{"name":"listExists","line":51,"loc":{"start":{"line":51,"column":4},"end":{"line":54,"column":5}}},"2":{"name":"nodeExists","line":66,"loc":{"start":{"line":66,"column":4},"end":{"line":69,"column":5}}},"3":{"name":"sizeOf","line":83,"loc":{"start":{"line":83,"column":4},"end":{"line":83,"column":86}}},"4":{"name":"getNode","line":97,"loc":{"start":{"line":97,"column":4},"end":{"line":99,"column":5}}},"5":{"name":"getAdjacent","line":111,"loc":{"start":{"line":111,"column":4},"end":{"line":113,"column":5}}},"6":{"name":"getSortedSpot","line":129,"loc":{"start":{"line":129,"column":4},"end":{"line":131,"column":5}}},"7":{"name":"createLink","line":145,"loc":{"start":{"line":145,"column":4},"end":{"line":145,"column":103}}},"8":{"name":"insert","line":155,"loc":{"start":{"line":155,"column":4},"end":{"line":155,"column":112}}},"9":{"name":"remove","line":169,"loc":{"start":{"line":169,"column":4},"end":{"line":169,"column":84}}},"10":{"name":"push","line":181,"loc":{"start":{"line":181,"column":4},"end":{"line":181,"column":82}}},"11":{"name":"pop","line":188,"loc":{"start":{"line":188,"column":4},"end":{"line":188,"column":83}}}},"statementMap":{"1":{"start":{"line":56,"column":8},"end":{"line":56,"column":2207}},"2":{"start":{"line":57,"column":12},"end":{"line":57,"column":23}},"3":{"start":{"line":59,"column":12},"end":{"line":59,"column":24}},"4":{"start":{"line":70,"column":8},"end":{"line":70,"column":2625}},"5":{"start":{"line":71,"column":12},"end":{"line":71,"column":2713}},"6":{"start":{"line":72,"column":16},"end":{"line":72,"column":27}},"7":{"start":{"line":74,"column":16},"end":{"line":74,"column":28}},"8":{"start":{"line":77,"column":12},"end":{"line":77,"column":23}},"9":{"start":{"line":86,"column":8},"end":{"line":86,"column":49}},"10":{"start":{"line":87,"column":8},"end":{"line":87,"column":3200}},"11":{"start":{"line":88,"column":12},"end":{"line":88,"column":50}},"12":{"start":{"line":91,"column":8},"end":{"line":91,"column":14}},"13":{"start":{"line":100,"column":8},"end":{"line":100,"column":3609}},"14":{"start":{"line":101,"column":12},"end":{"line":101,"column":30}},"15":{"start":{"line":103,"column":12},"end":{"line":103,"column":72}},"16":{"start":{"line":114,"column":8},"end":{"line":114,"column":4145}},"17":{"start":{"line":115,"column":12},"end":{"line":115,"column":28}},"18":{"start":{"line":117,"column":12},"end":{"line":117,"column":54}},"19":{"start":{"line":132,"column":8},"end":{"line":132,"column":43}},"20":{"start":{"line":132,"column":33},"end":{"line":132,"column":41}},"21":{"start":{"line":133,"column":8},"end":{"line":133,"column":54}},"22":{"start":{"line":136,"column":8},"end":{"line":136,"column":59}},"23":{"start":{"line":137,"column":8},"end":{"line":137,"column":118}},"24":{"start":{"line":137,"column":84},"end":{"line":137,"column":117}},"25":{"start":{"line":138,"column":8},"end":{"line":138,"column":19}},"26":{"start":{"line":146,"column":8},"end":{"line":146,"column":44}},"27":{"start":{"line":147,"column":8},"end":{"line":147,"column":43}},"28":{"start":{"line":156,"column":8},"end":{"line":156,"column":6047}},"29":{"start":{"line":157,"column":12},"end":{"line":157,"column":51}},"30":{"start":{"line":158,"column":12},"end":{"line":158,"column":52}},"31":{"start":{"line":159,"column":12},"end":{"line":159,"column":48}},"32":{"start":{"line":160,"column":12},"end":{"line":160,"column":23}},"33":{"start":{"line":162,"column":12},"end":{"line":162,"column":24}},"34":{"start":{"line":170,"column":8},"end":{"line":170,"column":70}},"35":{"start":{"line":170,"column":60},"end":{"line":170,"column":68}},"36":{"start":{"line":171,"column":8},"end":{"line":171,"column":77}},"37":{"start":{"line":174,"column":8},"end":{"line":174,"column":20}},"38":{"start":{"line":182,"column":8},"end":{"line":182,"column":44}},"39":{"start":{"line":192,"column":8},"end":{"line":192,"column":57}},"40":{"start":{"line":194,"column":8},"end":{"line":194,"column":32}}},"branchMap":{"1":{"line":56,"type":"if","locations":[{"start":{"line":56,"column":8},"end":{"line":56,"column":8}},{"start":{"line":56,"column":8},"end":{"line":56,"column":8}}]},"2":{"line":70,"type":"if","locations":[{"start":{"line":70,"column":8},"end":{"line":70,"column":8}},{"start":{"line":70,"column":8},"end":{"line":70,"column":8}}]},"3":{"line":71,"type":"if","locations":[{"start":{"line":71,"column":12},"end":{"line":71,"column":12}},{"start":{"line":71,"column":12},"end":{"line":71,"column":12}}]},"4":{"line":100,"type":"if","locations":[{"start":{"line":100,"column":8},"end":{"line":100,"column":8}},{"start":{"line":100,"column":8},"end":{"line":100,"column":8}}]},"5":{"line":114,"type":"if","locations":[{"start":{"line":114,"column":8},"end":{"line":114,"column":8}},{"start":{"line":114,"column":8},"end":{"line":114,"column":8}}]},"6":{"line":132,"type":"if","locations":[{"start":{"line":132,"column":8},"end":{"line":132,"column":8}},{"start":{"line":132,"column":8},"end":{"line":132,"column":8}}]},"7":{"line":133,"type":"if","locations":[{"start":{"line":133,"column":8},"end":{"line":133,"column":8}},{"start":{"line":133,"column":8},"end":{"line":133,"column":8}}]},"8":{"line":156,"type":"if","locations":[{"start":{"line":156,"column":8},"end":{"line":156,"column":8}},{"start":{"line":156,"column":8},"end":{"line":156,"column":8}}]},"9":{"line":170,"type":"if","locations":[{"start":{"line":170,"column":8},"end":{"line":170,"column":8}},{"start":{"line":170,"column":8},"end":{"line":170,"column":8}}]}}},"contracts/LinkedListMock.sol":{"l":{"20":2,"25":1,"30":10,"38":21,"47":4,"55":64,"61":3,"68":3,"74":2},"path":"/Users/gustavoguimaraes/DAPPS/starbase/starbase-platform-smart-contracts/contracts/LinkedListMock.sol","s":{"1":2,"2":1,"3":10,"4":21,"5":4,"6":3,"7":2},"b":{},"f":{"1":2,"2":1,"3":10,"4":21,"5":4,"6":64,"7":3,"8":3,"9":2},"fnMap":{"1":{"name":"listExists","line":17,"loc":{"start":{"line":17,"column":4},"end":{"line":19,"column":5}}},"2":{"name":"nodeExists","line":24,"loc":{"start":{"line":24,"column":4},"end":{"line":24,"column":63}}},"3":{"name":"sizeOf","line":29,"loc":{"start":{"line":29,"column":4},"end":{"line":29,"column":61}}},"4":{"name":"getNode","line":35,"loc":{"start":{"line":35,"column":4},"end":{"line":37,"column":5}}},"5":{"name":"getAdjacent","line":44,"loc":{"start":{"line":44,"column":4},"end":{"line":46,"column":5}}},"6":{"name":"insert","line":54,"loc":{"start":{"line":54,"column":4},"end":{"line":54,"column":70}}},"7":{"name":"remove","line":60,"loc":{"start":{"line":60,"column":4},"end":{"line":60,"column":57}}},"8":{"name":"push","line":67,"loc":{"start":{"line":67,"column":4},"end":{"line":67,"column":54}}},"9":{"name":"pop","line":73,"loc":{"start":{"line":73,"column":4},"end":{"line":73,"column":56}}}},"statementMap":{"1":{"start":{"line":20,"column":8},"end":{"line":20,"column":32}},"2":{"start":{"line":25,"column":8},"end":{"line":25,"column":37}},"3":{"start":{"line":30,"column":8},"end":{"line":30,"column":28}},"4":{"start":{"line":38,"column":8},"end":{"line":38,"column":34}},"5":{"start":{"line":47,"column":8},"end":{"line":47,"column":49}},"6":{"start":{"line":61,"column":8},"end":{"line":61,"column":33}},"7":{"start":{"line":74,"column":8},"end":{"line":74,"column":35}}},"branchMap":{}},"contracts/Lockable.sol":{"l":{"10":32,"11":32,"15":0,"19":0},"path":"/Users/gustavoguimaraes/DAPPS/starbase/starbase-platform-smart-contracts/contracts/Lockable.sol","s":{"1":32,"2":0,"3":0},"b":{"1":[32,0]},"f":{"1":32,"2":0,"3":0},"fnMap":{"1":{"name":"onlyWhenUnlocked","line":9,"loc":{"start":{"line":9,"column":4},"end":{"line":9,"column":29}}},"2":{"name":"lock","line":14,"loc":{"start":{"line":14,"column":4},"end":{"line":14,"column":36}}},"3":{"name":"unlock","line":18,"loc":{"start":{"line":18,"column":4},"end":{"line":18,"column":38}}}},"statementMap":{"1":{"start":{"line":10,"column":8},"end":{"line":10,"column":23}},"2":{"start":{"line":15,"column":8},"end":{"line":15,"column":20}},"3":{"start":{"line":19,"column":8},"end":{"line":19,"column":21}}},"branchMap":{"1":{"line":10,"type":"if","locations":[{"start":{"line":10,"column":8},"end":{"line":10,"column":8}},{"start":{"line":10,"column":8},"end":{"line":10,"column":8}}]}}},"contracts/StarStaking.sol":{"l":{"30":32,"31":32,"33":32,"42":32,"43":32,"44":32,"46":32,"47":32,"48":32,"49":32,"57":31,"66":32,"68":32,"72":32,"73":32,"75":32,"76":32,"78":32,"83":0,"84":0,"86":0,"95":0,"102":0,"103":0,"105":0,"106":0,"108":0,"109":0,"111":0,"112":0,"114":0,"115":0,"117":0,"118":0,"121":0},"path":"/Users/gustavoguimaraes/DAPPS/starbase/starbase-platform-smart-contracts/contracts/StarStaking.sol","s":{"1":32,"2":32,"3":32,"4":32,"5":32,"6":32,"7":32,"8":32,"9":32,"10":31,"11":32,"12":32,"13":32,"14":32,"15":32,"16":32,"17":32,"18":0,"19":0,"20":0,"21":0,"22":0,"23":0,"24":0,"25":0,"26":0,"27":0,"28":0,"29":0},"b":{"1":[32,0],"2":[32,0],"3":[32,0],"4":[32,0],"5":[32,0],"6":[32,0]},"f":{"1":32,"2":32,"3":31,"4":32,"5":32,"6":0,"7":0,"8":0},"fnMap":{"1":{"name":"whenStakingOpen","line":29,"loc":{"start":{"line":29,"column":4},"end":{"line":29,"column":26}}},"2":{"name":null,"line":41,"loc":{"start":{"line":41,"column":4},"end":{"line":41,"column":76}}},"3":{"name":"stake","line":56,"loc":{"start":{"line":56,"column":4},"end":{"line":56,"column":39}}},"4":{"name":"stakeFor","line":65,"loc":{"start":{"line":65,"column":4},"end":{"line":65,"column":89}}},"5":{"name":"addStakingPoints","line":71,"loc":{"start":{"line":71,"column":4},"end":{"line":71,"column":66}}},"6":{"name":"fakeInsert","line":82,"loc":{"start":{"line":82,"column":4},"end":{"line":82,"column":81}}},"7":{"name":"getTopRank","line":94,"loc":{"start":{"line":94,"column":4},"end":{"line":94,"column":90}}},"8":{"name":"getTopRanksTuples","line":101,"loc":{"start":{"line":101,"column":4},"end":{"line":101,"column":62}}}},"statementMap":{"1":{"start":{"line":30,"column":8},"end":{"line":30,"column":32}},"2":{"start":{"line":31,"column":8},"end":{"line":31,"column":33}},"3":{"start":{"line":42,"column":8},"end":{"line":42,"column":38}},"4":{"start":{"line":43,"column":8},"end":{"line":43,"column":41}},"5":{"start":{"line":44,"column":8},"end":{"line":44,"column":32}},"6":{"start":{"line":46,"column":8},"end":{"line":46,"column":21}},"7":{"start":{"line":47,"column":8},"end":{"line":47,"column":29}},"8":{"start":{"line":48,"column":8},"end":{"line":48,"column":33}},"9":{"start":{"line":49,"column":8},"end":{"line":49,"column":24}},"10":{"start":{"line":57,"column":8},"end":{"line":57,"column":35}},"11":{"start":{"line":66,"column":8},"end":{"line":66,"column":37}},"12":{"start":{"line":68,"column":8},"end":{"line":68,"column":69}},"13":{"start":{"line":72,"column":8},"end":{"line":72,"column":50}},"14":{"start":{"line":73,"column":8},"end":{"line":73,"column":60}},"15":{"start":{"line":75,"column":8},"end":{"line":75,"column":88}},"16":{"start":{"line":76,"column":8},"end":{"line":76,"column":62}},"17":{"start":{"line":78,"column":8},"end":{"line":78,"column":53}},"18":{"start":{"line":83,"column":8},"end":{"line":83,"column":37}},"19":{"start":{"line":95,"column":8},"end":{"line":95,"column":54}},"20":{"start":{"line":102,"column":8},"end":{"line":102,"column":51}},"21":{"start":{"line":103,"column":8},"end":{"line":103,"column":70}},"22":{"start":{"line":105,"column":8},"end":{"line":105,"column":35}},"23":{"start":{"line":106,"column":8},"end":{"line":106,"column":20}},"24":{"start":{"line":108,"column":8},"end":{"line":108,"column":3323}},"25":{"start":{"line":109,"column":12},"end":{"line":109,"column":58}},"26":{"start":{"line":111,"column":12},"end":{"line":111,"column":51}},"27":{"start":{"line":114,"column":12},"end":{"line":114,"column":65}},"28":{"start":{"line":117,"column":12},"end":{"line":117,"column":58}},"29":{"start":{"line":121,"column":8},"end":{"line":121,"column":27}}},"branchMap":{"1":{"line":30,"type":"if","locations":[{"start":{"line":30,"column":8},"end":{"line":30,"column":8}},{"start":{"line":30,"column":8},"end":{"line":30,"column":8}}]},"2":{"line":31,"type":"if","locations":[{"start":{"line":31,"column":8},"end":{"line":31,"column":8}},{"start":{"line":31,"column":8},"end":{"line":31,"column":8}}]},"3":{"line":42,"type":"if","locations":[{"start":{"line":42,"column":8},"end":{"line":42,"column":8}},{"start":{"line":42,"column":8},"end":{"line":42,"column":8}}]},"4":{"line":43,"type":"if","locations":[{"start":{"line":43,"column":8},"end":{"line":43,"column":8}},{"start":{"line":43,"column":8},"end":{"line":43,"column":8}}]},"5":{"line":44,"type":"if","locations":[{"start":{"line":44,"column":8},"end":{"line":44,"column":8}},{"start":{"line":44,"column":8},"end":{"line":44,"column":8}}]},"6":{"line":68,"type":"if","locations":[{"start":{"line":68,"column":8},"end":{"line":68,"column":8}},{"start":{"line":68,"column":8},"end":{"line":68,"column":8}}]}}},"contracts/StarStakingInterface.sol":{"l":{},"path":"/Users/gustavoguimaraes/DAPPS/starbase/starbase-platform-smart-contracts/contracts/StarStakingInterface.sol","s":{},"b":{},"f":{},"fnMap":{},"statementMap":{},"branchMap":{}},"contracts/TokenSale.sol":{"l":{"55":58,"71":56,"72":56,"73":56,"74":56,"75":56,"77":56,"78":56,"79":56,"81":56,"85":26,"86":24,"91":24,"92":23,"99":1,"107":2,"109":1,"110":1,"118":2,"120":1,"121":1,"128":8,"142":23,"143":23,"145":21,"146":13,"148":8,"152":19,"153":19,"155":11,"158":11,"159":1,"161":1,"165":11,"167":11,"168":11,"171":11,"182":8,"183":8,"186":8,"189":8,"190":1,"191":1,"193":1,"197":8,"199":8,"200":8,"202":8,"203":8,"204":1,"211":5,"212":2,"215":3,"223":23,"230":3,"231":3,"233":3,"236":3,"237":3},"path":"/Users/gustavoguimaraes/DAPPS/starbase/starbase-platform-smart-contracts/contracts/TokenSale.sol","s":{"1":58,"2":56,"3":56,"4":56,"5":56,"6":56,"7":56,"8":56,"9":56,"10":56,"11":26,"12":24,"13":1,"14":2,"15":1,"16":1,"17":2,"18":1,"19":1,"20":8,"21":23,"22":23,"23":21,"24":13,"25":8,"26":8,"27":19,"28":19,"29":11,"30":11,"31":1,"32":1,"33":11,"34":11,"35":8,"36":8,"37":8,"38":8,"39":1,"40":1,"41":1,"42":8,"43":8,"44":8,"45":5,"46":2,"47":3,"48":23,"49":3,"50":3},"b":{"1":[56,2],"2":[56,0],"3":[24,2],"4":[23,1],"5":[1,1],"6":[1,1],"7":[23,0],"8":[21,2],"9":[13,8],"10":[11,2],"11":[8,0],"12":[11,8],"13":[1,10],"14":[1,7],"15":[1,7],"16":[2,3],"17":[3,0]},"f":{"1":58,"2":26,"3":24,"4":1,"5":2,"6":2,"7":8,"8":23,"9":8,"10":5,"11":23,"12":3},"fnMap":{"1":{"name":"init","line":42,"loc":{"start":{"line":42,"column":4},"end":{"line":54,"column":5}}},"2":{"name":"isWhitelisted","line":84,"loc":{"start":{"line":84,"column":4},"end":{"line":84,"column":45}}},"3":{"name":"crowdsaleIsTokenOwner","line":89,"loc":{"start":{"line":89,"column":4},"end":{"line":89,"column":34}}},"4":{"name":null,"line":98,"loc":{"start":{"line":98,"column":4},"end":{"line":98,"column":30}}},"5":{"name":"setRate","line":106,"loc":{"start":{"line":106,"column":4},"end":{"line":106,"column":54}}},"6":{"name":"setStarRate","line":117,"loc":{"start":{"line":117,"column":4},"end":{"line":117,"column":62}}},"7":{"name":"toggleEnableWei","line":127,"loc":{"start":{"line":127,"column":4},"end":{"line":127,"column":47}}},"8":{"name":"buyTokens","line":135,"loc":{"start":{"line":135,"column":4},"end":{"line":141,"column":5}}},"9":{"name":"buyTokensWithWei","line":179,"loc":{"start":{"line":179,"column":4},"end":{"line":181,"column":5}}},"10":{"name":"hasEnded","line":210,"loc":{"start":{"line":210,"column":4},"end":{"line":210,"column":48}}},"11":{"name":"validPurchase","line":222,"loc":{"start":{"line":222,"column":4},"end":{"line":222,"column":55}}},"12":{"name":"finalization","line":229,"loc":{"start":{"line":229,"column":4},"end":{"line":229,"column":34}}}},"statementMap":{"1":{"start":{"line":55,"column":8},"end":{"line":55,"column":1827}},"2":{"start":{"line":71,"column":8},"end":{"line":71,"column":58}},"3":{"start":{"line":72,"column":8},"end":{"line":72,"column":48}},"4":{"start":{"line":73,"column":8},"end":{"line":73,"column":40}},"5":{"start":{"line":74,"column":8},"end":{"line":74,"column":44}},"6":{"start":{"line":75,"column":8},"end":{"line":75,"column":27}},"7":{"start":{"line":77,"column":8},"end":{"line":77,"column":60}},"8":{"start":{"line":78,"column":8},"end":{"line":78,"column":67}},"9":{"start":{"line":79,"column":8},"end":{"line":79,"column":60}},"10":{"start":{"line":81,"column":8},"end":{"line":81,"column":102}},"11":{"start":{"line":85,"column":8},"end":{"line":85,"column":55}},"12":{"start":{"line":91,"column":8},"end":{"line":91,"column":52}},"13":{"start":{"line":99,"column":8},"end":{"line":99,"column":15}},"14":{"start":{"line":107,"column":8},"end":{"line":107,"column":28}},"15":{"start":{"line":109,"column":8},"end":{"line":109,"column":44}},"16":{"start":{"line":110,"column":8},"end":{"line":110,"column":21}},"17":{"start":{"line":118,"column":8},"end":{"line":118,"column":32}},"18":{"start":{"line":120,"column":8},"end":{"line":120,"column":56}},"19":{"start":{"line":121,"column":8},"end":{"line":121,"column":29}},"20":{"start":{"line":128,"column":8},"end":{"line":128,"column":29}},"21":{"start":{"line":142,"column":8},"end":{"line":142,"column":41}},"22":{"start":{"line":143,"column":8},"end":{"line":143,"column":75}},"23":{"start":{"line":145,"column":8},"end":{"line":145,"column":4526}},"24":{"start":{"line":146,"column":12},"end":{"line":146,"column":34}},"25":{"start":{"line":147,"column":15},"end":{"line":147,"column":4596}},"26":{"start":{"line":148,"column":12},"end":{"line":148,"column":40}},"27":{"start":{"line":152,"column":8},"end":{"line":152,"column":81}},"28":{"start":{"line":153,"column":8},"end":{"line":153,"column":4853}},"29":{"start":{"line":155,"column":12},"end":{"line":155,"column":67}},"30":{"start":{"line":158,"column":12},"end":{"line":158,"column":5059}},"31":{"start":{"line":159,"column":16},"end":{"line":159,"column":67}},"32":{"start":{"line":161,"column":16},"end":{"line":161,"column":63}},"33":{"start":{"line":165,"column":12},"end":{"line":165,"column":65}},"34":{"start":{"line":168,"column":12},"end":{"line":168,"column":98}},"35":{"start":{"line":182,"column":8},"end":{"line":182,"column":36}},"36":{"start":{"line":183,"column":8},"end":{"line":183,"column":28}},"37":{"start":{"line":186,"column":8},"end":{"line":186,"column":43}},"38":{"start":{"line":189,"column":8},"end":{"line":189,"column":6045}},"39":{"start":{"line":190,"column":12},"end":{"line":190,"column":63}},"40":{"start":{"line":191,"column":12},"end":{"line":191,"column":39}},"41":{"start":{"line":193,"column":12},"end":{"line":193,"column":47}},"42":{"start":{"line":197,"column":8},"end":{"line":197,"column":43}},"43":{"start":{"line":200,"column":8},"end":{"line":200,"column":70}},"44":{"start":{"line":203,"column":8},"end":{"line":203,"column":6510}},"45":{"start":{"line":211,"column":8},"end":{"line":211,"column":6754}},"46":{"start":{"line":212,"column":12},"end":{"line":212,"column":23}},"47":{"start":{"line":215,"column":8},"end":{"line":215,"column":31}},"48":{"start":{"line":223,"column":6},"end":{"line":223,"column":47}},"49":{"start":{"line":230,"column":8},"end":{"line":230,"column":7205}},"50":{"start":{"line":231,"column":12},"end":{"line":231,"column":80}}},"branchMap":{"1":{"line":55,"type":"if","locations":[{"start":{"line":55,"column":8},"end":{"line":55,"column":8}},{"start":{"line":55,"column":8},"end":{"line":55,"column":8}}]},"2":{"line":81,"type":"if","locations":[{"start":{"line":81,"column":8},"end":{"line":81,"column":8}},{"start":{"line":81,"column":8},"end":{"line":81,"column":8}}]},"3":{"line":85,"type":"if","locations":[{"start":{"line":85,"column":8},"end":{"line":85,"column":8}},{"start":{"line":85,"column":8},"end":{"line":85,"column":8}}]},"4":{"line":91,"type":"if","locations":[{"start":{"line":91,"column":8},"end":{"line":91,"column":8}},{"start":{"line":91,"column":8},"end":{"line":91,"column":8}}]},"5":{"line":107,"type":"if","locations":[{"start":{"line":107,"column":8},"end":{"line":107,"column":8}},{"start":{"line":107,"column":8},"end":{"line":107,"column":8}}]},"6":{"line":118,"type":"if","locations":[{"start":{"line":118,"column":8},"end":{"line":118,"column":8}},{"start":{"line":118,"column":8},"end":{"line":118,"column":8}}]},"7":{"line":142,"type":"if","locations":[{"start":{"line":142,"column":8},"end":{"line":142,"column":8}},{"start":{"line":142,"column":8},"end":{"line":142,"column":8}}]},"8":{"line":143,"type":"if","locations":[{"start":{"line":143,"column":8},"end":{"line":143,"column":8}},{"start":{"line":143,"column":8},"end":{"line":143,"column":8}}]},"9":{"line":145,"type":"if","locations":[{"start":{"line":145,"column":8},"end":{"line":145,"column":8}},{"start":{"line":145,"column":8},"end":{"line":145,"column":8}}]},"10":{"line":146,"type":"if","locations":[{"start":{"line":146,"column":12},"end":{"line":146,"column":12}},{"start":{"line":146,"column":12},"end":{"line":146,"column":12}}]},"11":{"line":147,"type":"if","locations":[{"start":{"line":147,"column":15},"end":{"line":147,"column":15}},{"start":{"line":147,"column":15},"end":{"line":147,"column":15}}]},"12":{"line":153,"type":"if","locations":[{"start":{"line":153,"column":8},"end":{"line":153,"column":8}},{"start":{"line":153,"column":8},"end":{"line":153,"column":8}}]},"13":{"line":158,"type":"if","locations":[{"start":{"line":158,"column":12},"end":{"line":158,"column":12}},{"start":{"line":158,"column":12},"end":{"line":158,"column":12}}]},"14":{"line":189,"type":"if","locations":[{"start":{"line":189,"column":8},"end":{"line":189,"column":8}},{"start":{"line":189,"column":8},"end":{"line":189,"column":8}}]},"15":{"line":203,"type":"if","locations":[{"start":{"line":203,"column":8},"end":{"line":203,"column":8}},{"start":{"line":203,"column":8},"end":{"line":203,"column":8}}]},"16":{"line":211,"type":"if","locations":[{"start":{"line":211,"column":8},"end":{"line":211,"column":8}},{"start":{"line":211,"column":8},"end":{"line":211,"column":8}}]},"17":{"line":230,"type":"if","locations":[{"start":{"line":230,"column":8},"end":{"line":230,"column":8}},{"start":{"line":230,"column":8},"end":{"line":230,"column":8}}]}}},"contracts/TokenSaleInterface.sol":{"l":{},"path":"/Users/gustavoguimaraes/DAPPS/starbase/starbase-platform-smart-contracts/contracts/TokenSaleInterface.sol","s":{},"b":{},"f":{},"fnMap":{},"statementMap":{},"branchMap":{}},"contracts/Whitelist.sol":{"l":{"20":1,"21":1,"29":34,"30":55,"31":55,"40":2,"41":2,"42":2},"path":"/Users/gustavoguimaraes/DAPPS/starbase/starbase-platform-smart-contracts/contracts/Whitelist.sol","s":{"1":1,"2":1,"3":34,"4":55,"5":55,"6":2,"7":2,"8":2},"b":{},"f":{"1":1,"2":34,"3":2},"fnMap":{"1":{"name":"addToWhitelist","line":19,"loc":{"start":{"line":19,"column":4},"end":{"line":19,"column":62}}},"2":{"name":"addManyToWhitelist","line":28,"loc":{"start":{"line":28,"column":4},"end":{"line":28,"column":70}}},"3":{"name":"removeManyFromWhitelist","line":39,"loc":{"start":{"line":39,"column":4},"end":{"line":39,"column":73}}}},"statementMap":{"1":{"start":{"line":20,"column":8},"end":{"line":20,"column":40}},"2":{"start":{"line":21,"column":8},"end":{"line":21,"column":53}},"3":{"start":{"line":29,"column":8},"end":{"line":29,"column":840}},"4":{"start":{"line":30,"column":12},"end":{"line":30,"column":49}},"5":{"start":{"line":31,"column":12},"end":{"line":31,"column":62}},"6":{"start":{"line":40,"column":8},"end":{"line":40,"column":1217}},"7":{"start":{"line":41,"column":12},"end":{"line":41,"column":50}},"8":{"start":{"line":42,"column":12},"end":{"line":42,"column":64}}},"branchMap":{}}}