TN:
SF:/Users/gustavoguimaraes/DAPPS/starbase/starbase-platform-smart-contracts/contracts/cloneFactory/CloneFactory.sol
FN:30,createClone
FNF:1
FNH:1
FNDA:4,createClone
DA:31,4
DA:32,4
DA:33,4
DA:34,80
DA:36,4
LF:5
LH:5
BRF:0
BRH:0
end_of_record
TN:
SF:/Users/gustavoguimaraes/DAPPS/starbase/starbase-platform-smart-contracts/contracts/cloneFactory/TokenSaleCloneFactory.sol
FN:27,
FN:37,setLibraryAddress
FN:47,getInstantiationCount
FN:66,create
FN:99,register
FNF:5
FNH:5
FNDA:6,
FNDA:2,setLibraryAddress
FNDA:2,getInstantiationCount
FNDA:4,create
FNDA:4,register
DA:28,6
DA:29,6
DA:30,6
DA:38,2
DA:39,1
DA:52,2
DA:79,4
DA:80,4
DA:92,4
DA:102,4
DA:103,4
DA:105,4
LF:12
LH:12
BRDA:28,1,0,6
BRDA:28,1,1,0
BRDA:38,2,0,1
BRDA:38,2,1,1
BRF:4
BRH:3
end_of_record
TN:
SF:/Users/gustavoguimaraes/DAPPS/starbase/starbase-platform-smart-contracts/contracts/CompanyToken.sol
FN:22,
FNF:1
FNH:1
FNDA:63,
DA:23,63
DA:24,63
DA:25,63
DA:27,63
LF:4
LH:4
BRF:0
BRH:0
end_of_record
TN:
SF:/Users/gustavoguimaraes/DAPPS/starbase/starbase-platform-smart-contracts/contracts/LinkedListLib.sol
FN:51,listExists
FN:66,nodeExists
FN:83,sizeOf
FN:97,getNode
FN:111,getAdjacent
FN:129,getSortedSpot
FN:145,createLink
FN:155,insert
FN:169,remove
FN:181,push
FN:188,pop
FNF:11
FNH:10
FNDA:2,listExists
FNDA:219,nodeExists
FNDA:10,sizeOf
FNDA:21,getNode
FNDA:58,getAdjacent
FNDA:0,getSortedSpot
FNDA:139,createLink
FNDA:67,insert
FNDA:5,remove
FNDA:3,push
FNDA:2,pop
DA:56,2
DA:57,1
DA:59,1
DA:70,219
DA:71,101
DA:72,28
DA:74,73
DA:77,118
DA:84,10
DA:85,10
DA:86,10
DA:87,10
DA:88,42
DA:89,42
DA:91,10
DA:100,21
DA:101,6
DA:103,15
DA:114,58
DA:115,0
DA:117,58
DA:132,0
DA:133,0
DA:134,0
DA:135,0
DA:136,0
DA:137,0
DA:138,0
DA:146,139
DA:147,139
DA:156,67
DA:157,67
DA:158,67
DA:159,67
DA:160,67
DA:162,0
DA:170,5
DA:171,5
DA:172,5
DA:173,5
DA:174,5
DA:182,3
DA:189,2
DA:190,2
DA:192,2
DA:194,2
LF:46
LH:37
BRDA:56,1,0,1
BRDA:56,1,1,1
BRDA:70,2,0,101
BRDA:70,2,1,118
BRDA:71,3,0,28
BRDA:71,3,1,73
BRDA:100,4,0,6
BRDA:100,4,1,15
BRDA:114,5,0,0
BRDA:114,5,1,58
BRDA:132,6,0,0
BRDA:132,6,1,0
BRDA:133,7,0,0
BRDA:133,7,1,0
BRDA:156,8,0,67
BRDA:156,8,1,0
BRDA:170,9,0,0
BRDA:170,9,1,5
BRF:18
BRH:11
end_of_record
TN:
SF:/Users/gustavoguimaraes/DAPPS/starbase/starbase-platform-smart-contracts/contracts/LinkedListMock.sol
FN:17,listExists
FN:24,nodeExists
FN:29,sizeOf
FN:35,getNode
FN:44,getAdjacent
FN:54,insert
FN:60,remove
FN:67,push
FN:73,pop
FNF:9
FNH:9
FNDA:2,listExists
FNDA:1,nodeExists
FNDA:10,sizeOf
FNDA:21,getNode
FNDA:4,getAdjacent
FNDA:64,insert
FNDA:3,remove
FNDA:3,push
FNDA:2,pop
DA:20,2
DA:25,1
DA:30,10
DA:38,21
DA:47,4
DA:55,64
DA:61,3
DA:68,3
DA:74,2
LF:9
LH:9
BRF:0
BRH:0
end_of_record
TN:
SF:/Users/gustavoguimaraes/DAPPS/starbase/starbase-platform-smart-contracts/contracts/Lockable.sol
FN:9,onlyWhenUnlocked
FN:14,lock
FN:18,unlock
FNF:3
FNH:1
FNDA:32,onlyWhenUnlocked
FNDA:0,lock
FNDA:0,unlock
DA:10,32
DA:11,32
DA:15,0
DA:19,0
LF:4
LH:2
BRDA:10,1,0,32
BRDA:10,1,1,0
BRF:2
BRH:1
end_of_record
TN:
SF:/Users/gustavoguimaraes/DAPPS/starbase/starbase-platform-smart-contracts/contracts/StarStaking.sol
FN:29,whenStakingOpen
FN:41,
FN:56,stake
FN:65,stakeFor
FN:71,addStakingPoints
FN:82,fakeInsert
FN:94,getTopRank
FN:101,getTopRanksTuples
FNF:8
FNH:5
FNDA:32,whenStakingOpen
FNDA:32,
FNDA:31,stake
FNDA:32,stakeFor
FNDA:32,addStakingPoints
FNDA:0,fakeInsert
FNDA:0,getTopRank
FNDA:0,getTopRanksTuples
DA:30,32
DA:31,32
DA:33,32
DA:42,32
DA:43,32
DA:44,32
DA:46,32
DA:47,32
DA:48,32
DA:49,32
DA:57,31
DA:66,32
DA:68,32
DA:72,32
DA:73,32
DA:75,32
DA:76,32
DA:78,32
DA:83,0
DA:84,0
DA:86,0
DA:95,0
DA:102,0
DA:103,0
DA:105,0
DA:106,0
DA:108,0
DA:109,0
DA:111,0
DA:112,0
DA:114,0
DA:115,0
DA:117,0
DA:118,0
DA:121,0
LF:35
LH:18
BRDA:30,1,0,32
BRDA:30,1,1,0
BRDA:31,2,0,32
BRDA:31,2,1,0
BRDA:42,3,0,32
BRDA:42,3,1,0
BRDA:43,4,0,32
BRDA:43,4,1,0
BRDA:44,5,0,32
BRDA:44,5,1,0
BRDA:68,6,0,32
BRDA:68,6,1,0
BRF:12
BRH:6
end_of_record
TN:
SF:/Users/gustavoguimaraes/DAPPS/starbase/starbase-platform-smart-contracts/contracts/StarStakingInterface.sol
FNF:0
FNH:0
LF:0
LH:0
BRF:0
BRH:0
end_of_record
TN:
SF:/Users/gustavoguimaraes/DAPPS/starbase/starbase-platform-smart-contracts/contracts/TokenSale.sol
FN:42,init
FN:84,isWhitelisted
FN:89,crowdsaleIsTokenOwner
FN:98,
FN:106,setRate
FN:117,setStarRate
FN:127,toggleEnableWei
FN:135,buyTokens
FN:179,buyTokensWithWei
FN:210,hasEnded
FN:222,validPurchase
FN:229,finalization
FNF:12
FNH:12
FNDA:58,init
FNDA:26,isWhitelisted
FNDA:24,crowdsaleIsTokenOwner
FNDA:1,
FNDA:2,setRate
FNDA:2,setStarRate
FNDA:8,toggleEnableWei
FNDA:23,buyTokens
FNDA:8,buyTokensWithWei
FNDA:5,hasEnded
FNDA:23,validPurchase
FNDA:3,finalization
DA:55,58
DA:71,56
DA:72,56
DA:73,56
DA:74,56
DA:75,56
DA:77,56
DA:78,56
DA:79,56
DA:81,56
DA:85,26
DA:86,24
DA:91,24
DA:92,23
DA:99,1
DA:107,2
DA:109,1
DA:110,1
DA:118,2
DA:120,1
DA:121,1
DA:128,8
DA:142,23
DA:143,23
DA:145,21
DA:146,13
DA:148,8
DA:152,19
DA:153,19
DA:155,11
DA:158,11
DA:159,1
DA:161,1
DA:165,11
DA:167,11
DA:168,11
DA:171,11
DA:182,8
DA:183,8
DA:186,8
DA:189,8
DA:190,1
DA:191,1
DA:193,1
DA:197,8
DA:199,8
DA:200,8
DA:202,8
DA:203,8
DA:204,1
DA:211,5
DA:212,2
DA:215,3
DA:223,23
DA:230,3
DA:231,3
DA:233,3
DA:236,3
DA:237,3
LF:59
LH:59
BRDA:55,1,0,56
BRDA:55,1,1,2
BRDA:81,2,0,56
BRDA:81,2,1,0
BRDA:85,3,0,24
BRDA:85,3,1,2
BRDA:91,4,0,23
BRDA:91,4,1,1
BRDA:107,5,0,1
BRDA:107,5,1,1
BRDA:118,6,0,1
BRDA:118,6,1,1
BRDA:142,7,0,23
BRDA:142,7,1,0
BRDA:143,8,0,21
BRDA:143,8,1,2
BRDA:145,9,0,13
BRDA:145,9,1,8
BRDA:146,10,0,11
BRDA:146,10,1,2
BRDA:147,11,0,8
BRDA:147,11,1,0
BRDA:153,12,0,11
BRDA:153,12,1,8
BRDA:158,13,0,1
BRDA:158,13,1,10
BRDA:189,14,0,1
BRDA:189,14,1,7
BRDA:203,15,0,1
BRDA:203,15,1,7
BRDA:211,16,0,2
BRDA:211,16,1,3
BRDA:230,17,0,3
BRDA:230,17,1,0
BRF:34
BRH:30
end_of_record
TN:
SF:/Users/gustavoguimaraes/DAPPS/starbase/starbase-platform-smart-contracts/contracts/TokenSaleInterface.sol
FNF:0
FNH:0
LF:0
LH:0
BRF:0
BRH:0
end_of_record
TN:
SF:/Users/gustavoguimaraes/DAPPS/starbase/starbase-platform-smart-contracts/contracts/Whitelist.sol
FN:19,addToWhitelist
FN:28,addManyToWhitelist
FN:39,removeManyFromWhitelist
FNF:3
FNH:3
FNDA:1,addToWhitelist
FNDA:34,addManyToWhitelist
FNDA:2,removeManyFromWhitelist
DA:20,1
DA:21,1
DA:29,34
DA:30,55
DA:31,55
DA:40,2
DA:41,2
DA:42,2
LF:8
LH:8
BRF:0
BRH:0
end_of_record
